<?xml version="1.0" encoding="UTF-8"?>
<!-- Generated by org.testng.reporters.JUnitXMLReporter -->
<testsuite ignored="2" hostname="DESKTOP-K44DL4K" failures="2" tests="4" name="ChromeTest" time="31.176" errors="0" timestamp="2024-07-12T09:09:23 IST">
  <testcase classname="testClasses.VerifyUserCanLogin" name="verifyUserCanLoginn" time="6.712">
    <failure type="java.lang.AssertionError" message="expected [false] but found [true]">
      <![CDATA[java.lang.AssertionError: expected [false] but found [true]
at testClasses.VerifyUserCanLogin.verifyUserCanLoginn(VerifyUserCanLogin.java:63)
at java.base/java.util.ArrayList.forEach(ArrayList.java:1511)
at java.base/java.util.concurrent.FutureTask.run(FutureTask.java:264)
at java.base/java.util.concurrent.ThreadPoolExecutor.runWorker(ThreadPoolExecutor.java:1136)
at java.base/java.util.concurrent.ThreadPoolExecutor$Worker.run(ThreadPoolExecutor.java:635)
at java.base/java.lang.Thread.run(Thread.java:833)
... Removed 19 stack frames]]>
    </failure>
  </testcase> <!-- verifyUserCanLoginn -->
  <testcase classname="testClasses.VerifyUserCanAddNewAddress" name="VerifyUserCanGotoProfilePage" time="1.323"/>
  <testcase classname="testClasses.VerifyUserCanAddNewAddress" name="verifyUserCanGotoAddressPage" time="2.101"/>
  <testcase classname="testClasses.VerifyUserCanAddNewAddress" name="verfiyUserCanAddAddress" time="15.581">
    <failure type="java.lang.AssertionError" message="expected [false] but found [true]">
      <![CDATA[java.lang.AssertionError: expected [false] but found [true]
at testClasses.VerifyUserCanAddNewAddress.verfiyUserCanAddAddress(VerifyUserCanAddNewAddress.java:75)
at java.base/java.util.ArrayList.forEach(ArrayList.java:1511)
at java.base/java.util.concurrent.FutureTask.run(FutureTask.java:264)
at java.base/java.util.concurrent.ThreadPoolExecutor.runWorker(ThreadPoolExecutor.java:1136)
at java.base/java.util.concurrent.ThreadPoolExecutor$Worker.run(ThreadPoolExecutor.java:635)
at java.base/java.lang.Thread.run(Thread.java:833)
... Removed 19 stack frames]]>
    </failure>
  </testcase> <!-- verfiyUserCanAddAddress -->
  <testcase classname="baseClasses.BaseTest" name="@AfterSuite teardownExtentReports" time="0.0">
    <ignored/>
  </testcase> <!-- @AfterSuite teardownExtentReports -->
  <testcase classname="baseClasses.BaseTest" name="@BeforeSuite setupExtentReports" time="0.0">
    <ignored/>
  </testcase> <!-- @BeforeSuite setupExtentReports -->
</testsuite> <!-- ChromeTest -->
