<?xml version="1.0" encoding="UTF-8"?>
<!-- Generated by org.testng.reporters.JUnitXMLReporter -->
<testsuite ignored="2" hostname="DESKTOP-K44DL4K" failures="2" tests="4" name="Test" time="48.373" errors="0" timestamp="2024-07-11T19:54:44 IST">
  <testcase classname="testClasses.VerifyUserCanLogin" name="verifyUserCanLoginn" time="10.14">
    <failure type="java.lang.AssertionError" message="expected [false] but found [true]">
      <![CDATA[java.lang.AssertionError: expected [false] but found [true]
at testClasses.VerifyUserCanLogin.verifyUserCanLoginn(VerifyUserCanLogin.java:67)
at java.base/java.util.ArrayList.forEach(ArrayList.java:1511)
... Removed 29 stack frames]]>
    </failure>
  </testcase> <!-- verifyUserCanLoginn -->
  <testcase classname="testClasses.VerifyUserCanAddNewAddress" name="VerifyUserCanGotoProfilePage" time="2.717"/>
  <testcase classname="testClasses.VerifyUserCanAddNewAddress" name="verifyUserCanGotoAddressPage" time="3.32"/>
  <testcase classname="testClasses.VerifyUserCanAddNewAddress" name="verfiyUserCanAddAddress" time="16.336">
    <failure type="java.lang.AssertionError" message="expected [false] but found [true]">
      <![CDATA[java.lang.AssertionError: expected [false] but found [true]
at testClasses.VerifyUserCanAddNewAddress.verfiyUserCanAddAddress(VerifyUserCanAddNewAddress.java:84)
at java.base/java.util.ArrayList.forEach(ArrayList.java:1511)
... Removed 29 stack frames]]>
    </failure>
  </testcase> <!-- verfiyUserCanAddAddress -->
  <testcase classname="baseClasses.BaseTest" name="@BeforeSuite setupExtentReports" time="0.0">
    <ignored/>
  </testcase> <!-- @BeforeSuite setupExtentReports -->
  <testcase classname="baseClasses.BaseTest" name="@AfterSuite teardownExtentReports" time="0.0">
    <ignored/>
  </testcase> <!-- @AfterSuite teardownExtentReports -->
</testsuite> <!-- Test -->
